<?xml version="1.0" encoding="UTF-8"?>
<testng-results ignored="0" total="1" passed="1" failed="0" skipped="0">
  <reporter-output>
  </reporter-output>
  <suite started-at="2022-03-03T17:57:31 MST" name="Default suite" finished-at="2022-03-03T17:58:01 MST" duration-ms="30076">
    <groups>
    </groups>
    <test started-at="2022-03-03T17:57:31 MST" name="Default test" finished-at="2022-03-03T17:58:01 MST" duration-ms="30076">
      <class name="Demotestplexus.Demotestplexus.AppTest">
        <test-method is-config="true" signature="setupClass()[pri:0, instance:Demotestplexus.Demotestplexus.AppTest@701a32]" started-at="2022-03-03T17:57:31 MST" name="setupClass" finished-at="2022-03-03T17:57:32 MST" duration-ms="1023" status="PASS">
          <reporter-output>
          </reporter-output>
        </test-method> <!-- setupClass -->
        <test-method is-config="true" signature="setUp()[pri:0, instance:Demotestplexus.Demotestplexus.AppTest@701a32]" started-at="2022-03-03T17:57:32 MST" name="setUp" finished-at="2022-03-03T17:57:42 MST" duration-ms="9742" status="PASS">
          <reporter-output>
          </reporter-output>
        </test-method> <!-- setUp -->
        <test-method signature="Get_Title()[pri:0, instance:Demotestplexus.Demotestplexus.AppTest@701a32]" started-at="2022-03-03T17:57:42 MST" name="Get_Title" finished-at="2022-03-03T17:58:01 MST" duration-ms="18198" status="PASS">
          <reporter-output>
          </reporter-output>
        </test-method> <!-- Get_Title -->
        <test-method is-config="true" signature="tearDown()[pri:0, instance:Demotestplexus.Demotestplexus.AppTest@701a32]" started-at="2022-03-03T17:58:01 MST" name="tearDown" finished-at="2022-03-03T17:58:01 MST" duration-ms="702" status="PASS">
          <reporter-output>
          </reporter-output>
        </test-method> <!-- tearDown -->
      </class> <!-- Demotestplexus.Demotestplexus.AppTest -->
    </test> <!-- Default test -->
  </suite> <!-- Default suite -->
</testng-results>
